# JRE version: OpenJDK Runtime Environment Temurin-21.0.3+9 (21.0.3+9) (build 21.0.3+9-LTS)
# Java VM: OpenJDK 64-Bit Server VM Temurin-21.0.3+9 (21.0.3+9-LTS, mixed mode, sharing, tiered, compressed oops, compressed class ptrs, g1 gc, windows-amd64)
GC Precious Log:
 CardTable entry size: 512
 Card Set container configuration: InlinePtr #cards 4 size 8 Array Of Cards #cards 32 size 80 Howl #buckets 8 coarsen threshold 7372 Howl Bitmap #cards 1024 size 144 coarsen threshold 921 Card regions per heap region 1 cards per card region 8192
 CPUs: 12 total, 12 available
 Memory: 16068M
 Large Page Support: Disabled
 NUMA Support: Disabled
 Compressed Oops: Enabled (Zero based)
 Heap Region Size: 4M
 Heap Min Capacity: 8M
 Heap Initial Capacity: 252M
 Heap Max Capacity: 8G
 Pre-touch: Disabled
 Parallel Workers: 10
 Concurrent Workers: 3
 Concurrent Refinement Workers: 10
 Periodic GC: Disabled
Heap:
 garbage-first heap   total 184320K, used 98629K [0x0000000600000000, 0x0000000800000000)
  region size 4096K, 2 young (8192K), 2 survivors (8192K)
 Metaspace       used 88779K, committed 91136K, reserved 1179648K
  class space    used 12513K, committed 13696K, reserved 1048576K
GC Heap History (20 events):
Event: 41.640 GC heap after
{Heap after GC invocations=20 (full 0):
 garbage-first heap   total 131072K, used 69383K [0x0000000600000000, 0x0000000800000000)
  region size 4096K, 1 young (4096K), 1 survivors (4096K)
 Metaspace       used 73234K, committed 75328K, reserved 1114112K
  class space    used 10288K, committed 11328K, reserved 1048576K
}
Event: 42.657 GC heap before
{Heap before GC invocations=20 (full 0):
 garbage-first heap   total 131072K, used 114439K [0x0000000600000000, 0x0000000800000000)
  region size 4096K, 11 young (45056K), 1 survivors (4096K)
 Metaspace       used 75653K, committed 77696K, reserved 1179648K
  class space    used 10635K, committed 11648K, reserved 1048576K
}
Event: 42.668 GC heap after
{Heap after GC invocations=21 (full 0):
 garbage-first heap   total 131072K, used 74360K [0x0000000600000000, 0x0000000800000000)
  region size 4096K, 2 young (8192K), 2 survivors (8192K)
 Metaspace       used 75653K, committed 77696K, reserved 1179648K
  class space    used 10635K, committed 11648K, reserved 1048576K
}
Event: 49.833 GC heap before
{Heap before GC invocations=21 (full 0):
 garbage-first heap   total 131072K, used 107128K [0x0000000600000000, 0x0000000800000000)
  region size 4096K, 10 young (40960K), 2 survivors (8192K)
 Metaspace       used 77078K, committed 79168K, reserved 1179648K
  class space    used 10835K, committed 11840K, reserved 1048576K
}
Event: 49.843 GC heap after
{Heap after GC invocations=22 (full 0):
 garbage-first heap   total 131072K, used 79096K [0x0000000600000000, 0x0000000800000000)
  region size 4096K, 2 young (8192K), 2 survivors (8192K)
 Metaspace       used 77078K, committed 79168K, reserved 1179648K
  class space    used 10835K, committed 11840K, reserved 1048576K
}
Event: 51.172 GC heap before
{Heap before GC invocations=23 (full 0):
 garbage-first heap   total 143360K, used 107768K [0x0000000600000000, 0x0000000800000000)
  region size 4096K, 9 young (36864K), 2 survivors (8192K)
 Metaspace       used 78966K, committed 81152K, reserved 1179648K
  class space    used 11095K, committed 12160K, reserved 1048576K
}
Event: 51.189 GC heap after
{Heap after GC invocations=24 (full 0):
 garbage-first heap   total 143360K, used 81206K [0x0000000600000000, 0x0000000800000000)
  region size 4096K, 2 young (8192K), 2 survivors (8192K)
 Metaspace       used 78966K, committed 81152K, reserved 1179648K
  class space    used 11095K, committed 12160K, reserved 1048576K
}
Event: 53.972 GC heap before
{Heap before GC invocations=24 (full 0):
 garbage-first heap   total 143360K, used 118070K [0x0000000600000000, 0x0000000800000000)
  region size 4096K, 11 young (45056K), 2 survivors (8192K)
 Metaspace       used 80664K, committed 82944K, reserved 1179648K
  class space    used 11373K, committed 12480K, reserved 1048576K
}
Event: 53.981 GC heap after
{Heap after GC invocations=25 (full 0):
 garbage-first heap   total 143360K, used 81981K [0x0000000600000000, 0x0000000800000000)
  region size 4096K, 2 young (8192K), 2 survivors (8192K)
 Metaspace       used 80664K, committed 82944K, reserved 1179648K
  class space    used 11373K, committed 12480K, reserved 1048576K
}
Event: 57.071 GC heap before
{Heap before GC invocations=25 (full 0):
 garbage-first heap   total 143360K, used 118845K [0x0000000600000000, 0x0000000800000000)
  region size 4096K, 11 young (45056K), 2 survivors (8192K)
 Metaspace       used 82939K, committed 85248K, reserved 1179648K
  class space    used 11786K, committed 12928K, reserved 1048576K
}
Event: 57.082 GC heap after
{Heap after GC invocations=26 (full 0):
 garbage-first heap   total 143360K, used 86546K [0x0000000600000000, 0x0000000800000000)
  region size 4096K, 2 young (8192K), 2 survivors (8192K)
 Metaspace       used 82939K, committed 85248K, reserved 1179648K
  class space    used 11786K, committed 12928K, reserved 1048576K
}
Event: 57.980 GC heap before
{Heap before GC invocations=27 (full 0):
 garbage-first heap   total 159744K, used 115218K [0x0000000600000000, 0x0000000800000000)
  region size 4096K, 10 young (40960K), 2 survivors (8192K)
 Metaspace       used 86126K, committed 88384K, reserved 1179648K
  class space    used 12192K, committed 13312K, reserved 1048576K
}
Event: 57.995 GC heap after
{Heap after GC invocations=28 (full 0):
 garbage-first heap   total 159744K, used 90923K [0x0000000600000000, 0x0000000800000000)
  region size 4096K, 1 young (4096K), 1 survivors (4096K)
 Metaspace       used 86126K, committed 88384K, reserved 1179648K
  class space    used 12192K, committed 13312K, reserved 1048576K
}
Event: 106.424 GC heap before
{Heap before GC invocations=28 (full 0):
 garbage-first heap   total 159744K, used 140075K [0x0000000600000000, 0x0000000800000000)
  region size 4096K, 13 young (53248K), 1 survivors (4096K)
 Metaspace       used 88647K, committed 91072K, reserved 1179648K
  class space    used 12510K, committed 13696K, reserved 1048576K
}
Event: 106.443 GC heap after
{Heap after GC invocations=29 (full 0):
 garbage-first heap   total 159744K, used 94978K [0x0000000600000000, 0x0000000800000000)
  region size 4096K, 2 young (8192K), 2 survivors (8192K)
 Metaspace       used 88647K, committed 91072K, reserved 1179648K
  class space    used 12510K, committed 13696K, reserved 1048576K
}
Event: 107.731 GC heap before
{Heap before GC invocations=29 (full 0):
 garbage-first heap   total 159744K, used 135938K [0x0000000600000000, 0x0000000800000000)
  region size 4096K, 12 young (49152K), 2 survivors (8192K)
 Metaspace       used 88764K, committed 91136K, reserved 1179648K
  class space    used 12512K, committed 13696K, reserved 1048576K
}
Event: 107.749 GC heap after
{Heap after GC invocations=30 (full 0):
 garbage-first heap   total 159744K, used 98546K [0x0000000600000000, 0x0000000800000000)
  region size 4096K, 2 young (8192K), 2 survivors (8192K)
 Metaspace       used 88764K, committed 91136K, reserved 1179648K
  class space    used 12512K, committed 13696K, reserved 1048576K
}
Event: 108.860 GC heap before
{Heap before GC invocations=31 (full 0):
 garbage-first heap   total 180224K, used 131314K [0x0000000600000000, 0x0000000800000000)
  region size 4096K, 11 young (45056K), 2 survivors (8192K)
 Metaspace       used 88773K, committed 91136K, reserved 1179648K
  class space    used 12513K, committed 13696K, reserved 1048576K
}
Event: 108.871 GC heap after
{Heap after GC invocations=32 (full 0):
 garbage-first heap   total 180224K, used 99148K [0x0000000600000000, 0x0000000800000000)
  region size 4096K, 2 young (8192K), 2 survivors (8192K)
 Metaspace       used 88773K, committed 91136K, reserved 1179648K
  class space    used 12513K, committed 13696K, reserved 1048576K
}
Event: 110.573 GC heap before
{Heap before GC invocations=32 (full 0):
 garbage-first heap   total 180224K, used 152396K [0x0000000600000000, 0x0000000800000000)
  region size 4096K, 16 young (65536K), 2 survivors (8192K)
 Metaspace       used 88779K, committed 91136K, reserved 1179648K
  class space    used 12513K, committed 13696K, reserved 1048576K
}

