# JRE version: OpenJDK Runtime Environment Temurin-21.0.3+9 (21.0.3+9) (build 21.0.3+9-LTS)
# Java VM: OpenJDK 64-Bit Server VM Temurin-21.0.3+9 (21.0.3+9-LTS, mixed mode, sharing, tiered, compressed oops, compressed class ptrs, g1 gc, windows-amd64)
GC Precious Log:
 CardTable entry size: 512
 Card Set container configuration: InlinePtr #cards 4 size 8 Array Of Cards #cards 32 size 80 Howl #buckets 8 coarsen threshold 7372 Howl Bitmap #cards 1024 size 144 coarsen threshold 921 Card regions per heap region 1 cards per card region 8192
 CPUs: 12 total, 12 available
 Memory: 16068M
 Large Page Support: Disabled
 NUMA Support: Disabled
 Compressed Oops: Enabled (Zero based)
 Heap Region Size: 4M
 Heap Min Capacity: 8M
 Heap Initial Capacity: 252M
 Heap Max Capacity: 8G
 Pre-touch: Disabled
 Parallel Workers: 10
 Concurrent Workers: 3
 Concurrent Refinement Workers: 10
 Periodic GC: Disabled
Heap:
 garbage-first heap   total 159744K, used 111803K [0x0000000600000000, 0x0000000800000000)
  region size 4096K, 14 young (57344K), 3 survivors (12288K)
 Metaspace       used 74271K, committed 76416K, reserved 1114112K
  class space    used 10752K, committed 11840K, reserved 1048576K
GC Heap History (20 events):
Event: 11.460 GC heap before
{Heap before GC invocations=7 (full 0):
 garbage-first heap   total 131072K, used 33537K [0x0000000600000000, 0x0000000800000000)
  region size 4096K, 3 young (12288K), 1 survivors (4096K)
 Metaspace       used 35334K, committed 36416K, reserved 1114112K
  class space    used 4981K, committed 5504K, reserved 1048576K
}
Event: 11.464 GC heap after
{Heap after GC invocations=8 (full 0):
 garbage-first heap   total 131072K, used 33469K [0x0000000600000000, 0x0000000800000000)
  region size 4096K, 1 young (4096K), 1 survivors (4096K)
 Metaspace       used 35334K, committed 36416K, reserved 1114112K
  class space    used 4981K, committed 5504K, reserved 1048576K
}
Event: 13.387 GC heap before
{Heap before GC invocations=9 (full 0):
 garbage-first heap   total 131072K, used 107197K [0x0000000600000000, 0x0000000800000000)
  region size 4096K, 19 young (77824K), 1 survivors (4096K)
 Metaspace       used 41781K, committed 43264K, reserved 1114112K
  class space    used 5831K, committed 6528K, reserved 1048576K
}
Event: 13.393 GC heap after
{Heap after GC invocations=10 (full 0):
 garbage-first heap   total 131072K, used 36267K [0x0000000600000000, 0x0000000800000000)
  region size 4096K, 2 young (8192K), 2 survivors (8192K)
 Metaspace       used 41781K, committed 43264K, reserved 1114112K
  class space    used 5831K, committed 6528K, reserved 1048576K
}
Event: 14.820 GC heap before
{Heap before GC invocations=10 (full 0):
 garbage-first heap   total 131072K, used 105899K [0x0000000600000000, 0x0000000800000000)
  region size 4096K, 19 young (77824K), 2 survivors (8192K)
 Metaspace       used 47029K, committed 48768K, reserved 1114112K
  class space    used 6712K, committed 7616K, reserved 1048576K
}
Event: 14.827 GC heap after
{Heap after GC invocations=11 (full 0):
 garbage-first heap   total 131072K, used 40206K [0x0000000600000000, 0x0000000800000000)
  region size 4096K, 3 young (12288K), 3 survivors (12288K)
 Metaspace       used 47029K, committed 48768K, reserved 1114112K
  class space    used 6712K, committed 7616K, reserved 1048576K
}
Event: 16.247 GC heap before
{Heap before GC invocations=11 (full 0):
 garbage-first heap   total 131072K, used 101646K [0x0000000600000000, 0x0000000800000000)
  region size 4096K, 18 young (73728K), 3 survivors (12288K)
 Metaspace       used 51739K, committed 53568K, reserved 1114112K
  class space    used 7494K, committed 8384K, reserved 1048576K
}
Event: 16.262 GC heap after
{Heap after GC invocations=12 (full 0):
 garbage-first heap   total 131072K, used 45735K [0x0000000600000000, 0x0000000800000000)
  region size 4096K, 3 young (12288K), 3 survivors (12288K)
 Metaspace       used 51739K, committed 53568K, reserved 1114112K
  class space    used 7494K, committed 8384K, reserved 1048576K
}
Event: 17.890 GC heap before
{Heap before GC invocations=12 (full 0):
 garbage-first heap   total 131072K, used 103079K [0x0000000600000000, 0x0000000800000000)
  region size 4096K, 17 young (69632K), 3 survivors (12288K)
 Metaspace       used 55527K, committed 57472K, reserved 1114112K
  class space    used 8077K, committed 9024K, reserved 1048576K
}
Event: 17.904 GC heap after
{Heap after GC invocations=13 (full 0):
 garbage-first heap   total 131072K, used 49100K [0x0000000600000000, 0x0000000800000000)
  region size 4096K, 2 young (8192K), 2 survivors (8192K)
 Metaspace       used 55527K, committed 57472K, reserved 1114112K
  class space    used 8077K, committed 9024K, reserved 1048576K
}
Event: 18.494 GC heap before
{Heap before GC invocations=13 (full 0):
 garbage-first heap   total 131072K, used 90060K [0x0000000600000000, 0x0000000800000000)
  region size 4096K, 13 young (53248K), 2 survivors (8192K)
 Metaspace       used 59645K, committed 61568K, reserved 1114112K
  class space    used 8626K, committed 9600K, reserved 1048576K
}
Event: 18.500 GC heap after
{Heap after GC invocations=14 (full 0):
 garbage-first heap   total 131072K, used 59332K [0x0000000600000000, 0x0000000800000000)
  region size 4096K, 2 young (8192K), 2 survivors (8192K)
 Metaspace       used 59645K, committed 61568K, reserved 1114112K
  class space    used 8626K, committed 9600K, reserved 1048576K
}
Event: 19.540 GC heap before
{Heap before GC invocations=15 (full 0):
 garbage-first heap   total 131072K, used 108484K [0x0000000600000000, 0x0000000800000000)
  region size 4096K, 14 young (57344K), 2 survivors (8192K)
 Metaspace       used 64277K, committed 66304K, reserved 1114112K
  class space    used 9227K, committed 10240K, reserved 1048576K
}
Event: 19.546 GC heap after
{Heap after GC invocations=16 (full 0):
 garbage-first heap   total 131072K, used 60647K [0x0000000600000000, 0x0000000800000000)
  region size 4096K, 1 young (4096K), 1 survivors (4096K)
 Metaspace       used 64277K, committed 66304K, reserved 1114112K
  class space    used 9227K, committed 10240K, reserved 1048576K
}
Event: 19.686 GC heap before
{Heap before GC invocations=16 (full 0):
 garbage-first heap   total 131072K, used 68839K [0x0000000600000000, 0x0000000800000000)
  region size 4096K, 4 young (16384K), 1 survivors (4096K)
 Metaspace       used 64891K, committed 66944K, reserved 1114112K
  class space    used 9319K, committed 10368K, reserved 1048576K
}
Event: 19.691 GC heap after
{Heap after GC invocations=17 (full 0):
 garbage-first heap   total 131072K, used 60944K [0x0000000600000000, 0x0000000800000000)
  region size 4096K, 1 young (4096K), 1 survivors (4096K)
 Metaspace       used 64891K, committed 66944K, reserved 1114112K
  class space    used 9319K, committed 10368K, reserved 1048576K
}
Event: 21.416 GC heap before
{Heap before GC invocations=18 (full 0):
 garbage-first heap   total 131072K, used 114192K [0x0000000600000000, 0x0000000800000000)
  region size 4096K, 13 young (53248K), 1 survivors (4096K)
 Metaspace       used 67951K, committed 69952K, reserved 1114112K
  class space    used 9764K, committed 10752K, reserved 1048576K
}
Event: 21.423 GC heap after
{Heap after GC invocations=19 (full 0):
 garbage-first heap   total 159744K, used 67608K [0x0000000600000000, 0x0000000800000000)
  region size 4096K, 2 young (8192K), 2 survivors (8192K)
 Metaspace       used 67951K, committed 69952K, reserved 1114112K
  class space    used 9764K, committed 10752K, reserved 1048576K
}
Event: 22.532 GC heap before
{Heap before GC invocations=19 (full 0):
 garbage-first heap   total 159744K, used 133144K [0x0000000600000000, 0x0000000800000000)
  region size 4096K, 18 young (73728K), 2 survivors (8192K)
 Metaspace       used 71819K, committed 73920K, reserved 1114112K
  class space    used 10322K, committed 11328K, reserved 1048576K
}
Event: 22.542 GC heap after
{Heap after GC invocations=20 (full 0):
 garbage-first heap   total 159744K, used 70843K [0x0000000600000000, 0x0000000800000000)
  region size 4096K, 3 young (12288K), 3 survivors (12288K)
 Metaspace       used 71819K, committed 73920K, reserved 1114112K
  class space    used 10322K, committed 11328K, reserved 1048576K
}

